E:\Projects\NotesManagement\NotesManagement\angular-simpletalk\dist\out-tsc\src\app\app-routing.module.js
E:\Projects\NotesManagement\NotesManagement\angular-simpletalk\dist\out-tsc\src\app\app-routing.module.js.map
E:\Projects\NotesManagement\NotesManagement\angular-simpletalk\dist\out-tsc\src\app\notes-service.service.js
E:\Projects\NotesManagement\NotesManagement\angular-simpletalk\dist\out-tsc\src\app\notes-service.service.js.map
E:\Projects\NotesManagement\NotesManagement\angular-simpletalk\dist\out-tsc\src\app\app.component.js
E:\Projects\NotesManagement\NotesManagement\angular-simpletalk\dist\out-tsc\src\app\app.component.js.map
E:\Projects\NotesManagement\NotesManagement\angular-simpletalk\dist\out-tsc\src\app\notes-listing\notes-listing.component.js
E:\Projects\NotesManagement\NotesManagement\angular-simpletalk\dist\out-tsc\src\app\notes-listing\notes-listing.component.js.map
E:\Projects\NotesManagement\NotesManagement\angular-simpletalk\dist\out-tsc\src\app\add-update-notes\add-update-notes.component.js
E:\Projects\NotesManagement\NotesManagement\angular-simpletalk\dist\out-tsc\src\app\add-update-notes\add-update-notes.component.js.map
E:\Projects\NotesManagement\NotesManagement\angular-simpletalk\dist\out-tsc\src\app\app.module.js
E:\Projects\NotesManagement\NotesManagement\angular-simpletalk\dist\out-tsc\src\app\app.module.js.map
E:\Projects\NotesManagement\NotesManagement\angular-simpletalk\dist\out-tsc\src\environments\environment.js
E:\Projects\NotesManagement\NotesManagement\angular-simpletalk\dist\out-tsc\src\environments\environment.js.map
E:\Projects\NotesManagement\NotesManagement\angular-simpletalk\dist\out-tsc\src\main.js
E:\Projects\NotesManagement\NotesManagement\angular-simpletalk\dist\out-tsc\src\main.js.map
E:\Projects\NotesManagement\NotesManagement\angular-simpletalk\dist\out-tsc\src\polyfills.js
E:\Projects\NotesManagement\NotesManagement\angular-simpletalk\dist\out-tsc\src\polyfills.js.map
E:\Projects\NotesManagement\NotesManagement\angular-simpletalk\dist\out-tsc\src\test.js
E:\Projects\NotesManagement\NotesManagement\angular-simpletalk\dist\out-tsc\src\test.js.map
E:\Projects\NotesManagement\NotesManagement\angular-simpletalk\dist\out-tsc\e2e\src\app.po.js
E:\Projects\NotesManagement\NotesManagement\angular-simpletalk\dist\out-tsc\e2e\src\app.po.js.map
E:\Projects\NotesManagement\NotesManagement\angular-simpletalk\dist\out-tsc\e2e\src\app.e2e-spec.js
E:\Projects\NotesManagement\NotesManagement\angular-simpletalk\dist\out-tsc\e2e\src\app.e2e-spec.js.map
E:\Projects\NotesManagement\NotesManagement\angular-simpletalk\dist\out-tsc\src\app\app.component.spec.js
E:\Projects\NotesManagement\NotesManagement\angular-simpletalk\dist\out-tsc\src\app\app.component.spec.js.map
E:\Projects\NotesManagement\NotesManagement\angular-simpletalk\dist\out-tsc\src\app\notes-service.service.spec.js
E:\Projects\NotesManagement\NotesManagement\angular-simpletalk\dist\out-tsc\src\app\notes-service.service.spec.js.map
E:\Projects\NotesManagement\NotesManagement\angular-simpletalk\dist\out-tsc\src\environments\environment.prod.js
E:\Projects\NotesManagement\NotesManagement\angular-simpletalk\dist\out-tsc\src\environments\environment.prod.js.map
E:\Projects\NotesManagement\NotesManagement\angular-simpletalk\dist\out-tsc\src\app\add-update-notes\add-update-notes.component.spec.js
E:\Projects\NotesManagement\NotesManagement\angular-simpletalk\dist\out-tsc\src\app\add-update-notes\add-update-notes.component.spec.js.map
E:\Projects\NotesManagement\NotesManagement\angular-simpletalk\dist\out-tsc\src\app\notes-listing\notes-listing.component.spec.js
E:\Projects\NotesManagement\NotesManagement\angular-simpletalk\dist\out-tsc\src\app\notes-listing\notes-listing.component.spec.js.map
